{"total": {"lines":{"total":11860,"covered":266,"skipped":0,"pct":2.24},"statements":{"total":14123,"covered":303,"skipped":0,"pct":2.14},"functions":{"total":5737,"covered":94,"skipped":0,"pct":1.63},"branches":{"total":13506,"covered":196,"skipped":0,"pct":1.45},"branchesTrue":{"total":0,"covered":0,"skipped":0,"pct":100}}
,"/Users/haewonkim/home/development/sysgrid/frontend/src/App.tsx": {"lines":{"total":168,"covered":0,"skipped":0,"pct":0},"functions":{"total":65,"covered":0,"skipped":0,"pct":0},"statements":{"total":185,"covered":0,"skipped":0,"pct":0},"branches":{"total":235,"covered":0,"skipped":0,"pct":0}}
,"/Users/haewonkim/home/development/sysgrid/frontend/src/main.tsx": {"lines":{"total":231,"covered":0,"skipped":0,"pct":0},"functions":{"total":42,"covered":0,"skipped":0,"pct":0},"statements":{"total":243,"covered":0,"skipped":0,"pct":0},"branches":{"total":216,"covered":0,"skipped":0,"pct":0}}
,"/Users/haewonkim/home/development/sysgrid/frontend/src/api/apiClient.ts": {"lines":{"total":76,"covered":76,"skipped":0,"pct":100},"functions":{"total":23,"covered":23,"skipped":0,"pct":100},"statements":{"total":89,"covered":87,"skipped":0,"pct":97.75},"branches":{"total":66,"covered":59,"skipped":0,"pct":89.39}}
,"/Users/haewonkim/home/development/sysgrid/frontend/src/components/AssetGrid_Legacy.tsx": {"lines":{"total":683,"covered":0,"skipped":0,"pct":0},"functions":{"total":353,"covered":0,"skipped":0,"pct":0},"statements":{"total":805,"covered":0,"skipped":0,"pct":0},"branches":{"total":616,"covered":0,"skipped":0,"pct":0}}
,"/Users/haewonkim/home/development/sysgrid/frontend/src/components/Assets.tsx": {"lines":{"total":1155,"covered":0,"skipped":0,"pct":0},"functions":{"total":560,"covered":0,"skipped":0,"pct":0},"statements":{"total":1333,"covered":0,"skipped":0,"pct":0},"branches":{"total":1203,"covered":0,"skipped":0,"pct":0}}
,"/Users/haewonkim/home/development/sysgrid/frontend/src/components/AuditLogs.tsx": {"lines":{"total":76,"covered":0,"skipped":0,"pct":0},"functions":{"total":34,"covered":0,"skipped":0,"pct":0},"statements":{"total":95,"covered":0,"skipped":0,"pct":0},"branches":{"total":90,"covered":0,"skipped":0,"pct":0}}
,"/Users/haewonkim/home/development/sysgrid/frontend/src/components/ConfigRegistry.tsx": {"lines":{"total":94,"covered":0,"skipped":0,"pct":0},"functions":{"total":41,"covered":0,"skipped":0,"pct":0},"statements":{"total":98,"covered":0,"skipped":0,"pct":0},"branches":{"total":127,"covered":0,"skipped":0,"pct":0}}
,"/Users/haewonkim/home/development/sysgrid/frontend/src/components/Dashboard.tsx": {"lines":{"total":73,"covered":0,"skipped":0,"pct":0},"functions":{"total":38,"covered":0,"skipped":0,"pct":0},"statements":{"total":87,"covered":0,"skipped":0,"pct":0},"branches":{"total":68,"covered":0,"skipped":0,"pct":0}}
,"/Users/haewonkim/home/development/sysgrid/frontend/src/components/DataFlowDesigner.tsx": {"lines":{"total":556,"covered":0,"skipped":0,"pct":0},"functions":{"total":340,"covered":0,"skipped":0,"pct":0},"statements":{"total":816,"covered":0,"skipped":0,"pct":0},"branches":{"total":795,"covered":0,"skipped":0,"pct":0}}
,"/Users/haewonkim/home/development/sysgrid/frontend/src/components/External.tsx": {"lines":{"total":440,"covered":0,"skipped":0,"pct":0},"functions":{"total":227,"covered":0,"skipped":0,"pct":0},"statements":{"total":514,"covered":0,"skipped":0,"pct":0},"branches":{"total":480,"covered":0,"skipped":0,"pct":0}}
,"/Users/haewonkim/home/development/sysgrid/frontend/src/components/FAR.tsx": {"lines":{"total":387,"covered":0,"skipped":0,"pct":0},"functions":{"total":212,"covered":0,"skipped":0,"pct":0},"statements":{"total":464,"covered":0,"skipped":0,"pct":0},"branches":{"total":372,"covered":0,"skipped":0,"pct":0}}
,"/Users/haewonkim/home/development/sysgrid/frontend/src/components/Intelligence.tsx": {"lines":{"total":33,"covered":0,"skipped":0,"pct":0},"functions":{"total":12,"covered":0,"skipped":0,"pct":0},"statements":{"total":39,"covered":0,"skipped":0,"pct":0},"branches":{"total":18,"covered":0,"skipped":0,"pct":0}}
,"/Users/haewonkim/home/development/sysgrid/frontend/src/components/Knowledge.tsx": {"lines":{"total":518,"covered":0,"skipped":0,"pct":0},"functions":{"total":346,"covered":0,"skipped":0,"pct":0},"statements":{"total":647,"covered":0,"skipped":0,"pct":0},"branches":{"total":784,"covered":0,"skipped":0,"pct":0}}
,"/Users/haewonkim/home/development/sysgrid/frontend/src/components/Maintenance.tsx": {"lines":{"total":3,"covered":0,"skipped":0,"pct":0},"functions":{"total":3,"covered":0,"skipped":0,"pct":0},"statements":{"total":4,"covered":0,"skipped":0,"pct":0},"branches":{"total":2,"covered":0,"skipped":0,"pct":0}}
,"/Users/haewonkim/home/development/sysgrid/frontend/src/components/MonitoringGrid.tsx": {"lines":{"total":1156,"covered":0,"skipped":0,"pct":0},"functions":{"total":479,"covered":0,"skipped":0,"pct":0},"statements":{"total":1350,"covered":0,"skipped":0,"pct":0},"branches":{"total":1244,"covered":0,"skipped":0,"pct":0}}
,"/Users/haewonkim/home/development/sysgrid/frontend/src/components/NetworkFabric.tsx": {"lines":{"total":163,"covered":0,"skipped":0,"pct":0},"functions":{"total":99,"covered":0,"skipped":0,"pct":0},"statements":{"total":179,"covered":0,"skipped":0,"pct":0},"branches":{"total":134,"covered":0,"skipped":0,"pct":0}}
,"/Users/haewonkim/home/development/sysgrid/frontend/src/components/Projects.tsx": {"lines":{"total":891,"covered":0,"skipped":0,"pct":0},"functions":{"total":428,"covered":0,"skipped":0,"pct":0},"statements":{"total":1113,"covered":0,"skipped":0,"pct":0},"branches":{"total":1097,"covered":0,"skipped":0,"pct":0}}
,"/Users/haewonkim/home/development/sysgrid/frontend/src/components/Racks.tsx": {"lines":{"total":1002,"covered":0,"skipped":0,"pct":0},"functions":{"total":473,"covered":0,"skipped":0,"pct":0},"statements":{"total":1204,"covered":0,"skipped":0,"pct":0},"branches":{"total":1318,"covered":0,"skipped":0,"pct":0}}
,"/Users/haewonkim/home/development/sysgrid/frontend/src/components/Research.tsx": {"lines":{"total":574,"covered":0,"skipped":0,"pct":0},"functions":{"total":304,"covered":0,"skipped":0,"pct":0},"statements":{"total":670,"covered":0,"skipped":0,"pct":0},"branches":{"total":702,"covered":0,"skipped":0,"pct":0}}
,"/Users/haewonkim/home/development/sysgrid/frontend/src/components/ServiceRegistry.tsx": {"lines":{"total":228,"covered":0,"skipped":0,"pct":0},"functions":{"total":129,"covered":0,"skipped":0,"pct":0},"statements":{"total":292,"covered":0,"skipped":0,"pct":0},"branches":{"total":171,"covered":0,"skipped":0,"pct":0}}
,"/Users/haewonkim/home/development/sysgrid/frontend/src/components/Settings.tsx": {"lines":{"total":751,"covered":0,"skipped":0,"pct":0},"functions":{"total":290,"covered":0,"skipped":0,"pct":0},"statements":{"total":867,"covered":0,"skipped":0,"pct":0},"branches":{"total":936,"covered":0,"skipped":0,"pct":0}}
,"/Users/haewonkim/home/development/sysgrid/frontend/src/components/SettingsStandards.tsx": {"lines":{"total":40,"covered":0,"skipped":0,"pct":0},"functions":{"total":25,"covered":0,"skipped":0,"pct":0},"statements":{"total":44,"covered":0,"skipped":0,"pct":0},"branches":{"total":48,"covered":0,"skipped":0,"pct":0}}
,"/Users/haewonkim/home/development/sysgrid/frontend/src/components/Temp1.tsx": {"lines":{"total":208,"covered":0,"skipped":0,"pct":0},"functions":{"total":72,"covered":0,"skipped":0,"pct":0},"statements":{"total":251,"covered":0,"skipped":0,"pct":0},"branches":{"total":247,"covered":0,"skipped":0,"pct":0}}
,"/Users/haewonkim/home/development/sysgrid/frontend/src/components/Vendor.tsx": {"lines":{"total":368,"covered":0,"skipped":0,"pct":0},"functions":{"total":214,"covered":0,"skipped":0,"pct":0},"statements":{"total":414,"covered":0,"skipped":0,"pct":0},"branches":{"total":424,"covered":0,"skipped":0,"pct":0}}
,"/Users/haewonkim/home/development/sysgrid/frontend/src/components/assets/AssetDetailsView.tsx": {"lines":{"total":225,"covered":0,"skipped":0,"pct":0},"functions":{"total":143,"covered":0,"skipped":0,"pct":0},"statements":{"total":282,"covered":0,"skipped":0,"pct":0},"branches":{"total":216,"covered":0,"skipped":0,"pct":0}}
,"/Users/haewonkim/home/development/sysgrid/frontend/src/components/assets/CopyButton.tsx": {"lines":{"total":11,"covered":11,"skipped":0,"pct":100},"functions":{"total":3,"covered":3,"skipped":0,"pct":100},"statements":{"total":12,"covered":12,"skipped":0,"pct":100},"branches":{"total":6,"covered":6,"skipped":0,"pct":100}}
,"/Users/haewonkim/home/development/sysgrid/frontend/src/components/monitoring/BkmDetailModal.tsx": {"lines":{"total":8,"covered":0,"skipped":0,"pct":0},"functions":{"total":4,"covered":0,"skipped":0,"pct":0},"statements":{"total":8,"covered":0,"skipped":0,"pct":0},"branches":{"total":10,"covered":0,"skipped":0,"pct":0}}
,"/Users/haewonkim/home/development/sysgrid/frontend/src/components/monitoring/BkmListModal.tsx": {"lines":{"total":53,"covered":0,"skipped":0,"pct":0},"functions":{"total":30,"covered":0,"skipped":0,"pct":0},"statements":{"total":62,"covered":0,"skipped":0,"pct":0},"branches":{"total":50,"covered":0,"skipped":0,"pct":0}}
,"/Users/haewonkim/home/development/sysgrid/frontend/src/components/monitoring/Modals.ts": {"lines":{"total":0,"covered":0,"skipped":0,"pct":100},"functions":{"total":0,"covered":0,"skipped":0,"pct":100},"statements":{"total":0,"covered":0,"skipped":0,"pct":100},"branches":{"total":0,"covered":0,"skipped":0,"pct":100}}
,"/Users/haewonkim/home/development/sysgrid/frontend/src/components/monitoring/MonitoringDetailModal.tsx": {"lines":{"total":44,"covered":0,"skipped":0,"pct":0},"functions":{"total":22,"covered":0,"skipped":0,"pct":0},"statements":{"total":47,"covered":0,"skipped":0,"pct":0},"branches":{"total":68,"covered":0,"skipped":0,"pct":0}}
,"/Users/haewonkim/home/development/sysgrid/frontend/src/components/monitoring/MonitoringForm.tsx": {"lines":{"total":224,"covered":0,"skipped":0,"pct":0},"functions":{"total":116,"covered":0,"skipped":0,"pct":0},"statements":{"total":257,"covered":0,"skipped":0,"pct":0},"branches":{"total":264,"covered":0,"skipped":0,"pct":0}}
,"/Users/haewonkim/home/development/sysgrid/frontend/src/components/monitoring/test.ts": {"lines":{"total":1,"covered":0,"skipped":0,"pct":0},"functions":{"total":0,"covered":0,"skipped":0,"pct":100},"statements":{"total":1,"covered":0,"skipped":0,"pct":0},"branches":{"total":0,"covered":0,"skipped":0,"pct":100}}
,"/Users/haewonkim/home/development/sysgrid/frontend/src/components/monitoring/test2.ts": {"lines":{"total":1,"covered":0,"skipped":0,"pct":0},"functions":{"total":0,"covered":0,"skipped":0,"pct":100},"statements":{"total":1,"covered":0,"skipped":0,"pct":0},"branches":{"total":0,"covered":0,"skipped":0,"pct":100}}
,"/Users/haewonkim/home/development/sysgrid/frontend/src/components/settings/ConfigHistoryModal.tsx": {"lines":{"total":24,"covered":0,"skipped":0,"pct":0},"functions":{"total":10,"covered":0,"skipped":0,"pct":0},"statements":{"total":28,"covered":0,"skipped":0,"pct":0},"branches":{"total":24,"covered":0,"skipped":0,"pct":0}}
,"/Users/haewonkim/home/development/sysgrid/frontend/src/components/shared/AppDropdown.tsx": {"lines":{"total":45,"covered":45,"skipped":0,"pct":100},"functions":{"total":20,"covered":20,"skipped":0,"pct":100},"statements":{"total":52,"covered":51,"skipped":0,"pct":98.07},"branches":{"total":70,"covered":62,"skipped":0,"pct":88.57}}
,"/Users/haewonkim/home/development/sysgrid/frontend/src/components/shared/BulkImportModal.tsx": {"lines":{"total":75,"covered":0,"skipped":0,"pct":0},"functions":{"total":36,"covered":0,"skipped":0,"pct":0},"statements":{"total":89,"covered":0,"skipped":0,"pct":0},"branches":{"total":75,"covered":0,"skipped":0,"pct":0}}
,"/Users/haewonkim/home/development/sysgrid/frontend/src/components/shared/ConfirmationModal.tsx": {"lines":{"total":15,"covered":0,"skipped":0,"pct":0},"functions":{"total":4,"covered":0,"skipped":0,"pct":0},"statements":{"total":16,"covered":0,"skipped":0,"pct":0},"branches":{"total":11,"covered":0,"skipped":0,"pct":0}}
,"/Users/haewonkim/home/development/sysgrid/frontend/src/components/shared/ConnectionForensicsModal.tsx": {"lines":{"total":4,"covered":0,"skipped":0,"pct":0},"functions":{"total":2,"covered":0,"skipped":0,"pct":0},"statements":{"total":5,"covered":0,"skipped":0,"pct":0},"branches":{"total":40,"covered":0,"skipped":0,"pct":0}}
,"/Users/haewonkim/home/development/sysgrid/frontend/src/components/shared/ConnectionsListModal.tsx": {"lines":{"total":14,"covered":0,"skipped":0,"pct":0},"functions":{"total":5,"covered":0,"skipped":0,"pct":0},"statements":{"total":16,"covered":0,"skipped":0,"pct":0},"branches":{"total":37,"covered":0,"skipped":0,"pct":0}}
,"/Users/haewonkim/home/development/sysgrid/frontend/src/components/shared/ErrorConsole.tsx": {"lines":{"total":31,"covered":0,"skipped":0,"pct":0},"functions":{"total":20,"covered":0,"skipped":0,"pct":0},"statements":{"total":34,"covered":0,"skipped":0,"pct":0},"branches":{"total":56,"covered":0,"skipped":0,"pct":0}}
,"/Users/haewonkim/home/development/sysgrid/frontend/src/components/shared/ErrorDetailModal.tsx": {"lines":{"total":7,"covered":0,"skipped":0,"pct":0},"functions":{"total":2,"covered":0,"skipped":0,"pct":0},"statements":{"total":8,"covered":0,"skipped":0,"pct":0},"branches":{"total":15,"covered":0,"skipped":0,"pct":0}}
,"/Users/haewonkim/home/development/sysgrid/frontend/src/components/shared/ErrorSentinel.tsx": {"lines":{"total":6,"covered":0,"skipped":0,"pct":0},"functions":{"total":3,"covered":0,"skipped":0,"pct":0},"statements":{"total":6,"covered":0,"skipped":0,"pct":0},"branches":{"total":2,"covered":0,"skipped":0,"pct":0}}
,"/Users/haewonkim/home/development/sysgrid/frontend/src/components/shared/FARModals.tsx": {"lines":{"total":103,"covered":0,"skipped":0,"pct":0},"functions":{"total":47,"covered":0,"skipped":0,"pct":0},"statements":{"total":111,"covered":0,"skipped":0,"pct":0},"branches":{"total":91,"covered":0,"skipped":0,"pct":0}}
,"/Users/haewonkim/home/development/sysgrid/frontend/src/components/shared/GlobalSearch.tsx": {"lines":{"total":78,"covered":0,"skipped":0,"pct":0},"functions":{"total":20,"covered":0,"skipped":0,"pct":0},"statements":{"total":84,"covered":0,"skipped":0,"pct":0},"branches":{"total":58,"covered":0,"skipped":0,"pct":0}}
,"/Users/haewonkim/home/development/sysgrid/frontend/src/components/shared/InvestigationTab.tsx": {"lines":{"total":174,"covered":0,"skipped":0,"pct":0},"functions":{"total":105,"covered":0,"skipped":0,"pct":0},"statements":{"total":216,"covered":0,"skipped":0,"pct":0},"branches":{"total":172,"covered":0,"skipped":0,"pct":0}}
,"/Users/haewonkim/home/development/sysgrid/frontend/src/components/shared/LayoutPrimitives.tsx": {"lines":{"total":25,"covered":0,"skipped":0,"pct":0},"functions":{"total":12,"covered":0,"skipped":0,"pct":0},"statements":{"total":26,"covered":0,"skipped":0,"pct":0},"branches":{"total":41,"covered":0,"skipped":0,"pct":0}}
,"/Users/haewonkim/home/development/sysgrid/frontend/src/components/shared/OperationalGridSizing.ts": {"lines":{"total":50,"covered":0,"skipped":0,"pct":0},"functions":{"total":17,"covered":0,"skipped":0,"pct":0},"statements":{"total":59,"covered":0,"skipped":0,"pct":0},"branches":{"total":50,"covered":0,"skipped":0,"pct":0}}
,"/Users/haewonkim/home/development/sysgrid/frontend/src/components/shared/OperationalImportModal.tsx": {"lines":{"total":332,"covered":0,"skipped":0,"pct":0},"functions":{"total":143,"covered":0,"skipped":0,"pct":0},"statements":{"total":403,"covered":0,"skipped":0,"pct":0},"branches":{"total":291,"covered":0,"skipped":0,"pct":0}}
,"/Users/haewonkim/home/development/sysgrid/frontend/src/components/shared/OperationalWorkspace.ts": {"lines":{"total":4,"covered":0,"skipped":0,"pct":0},"functions":{"total":0,"covered":0,"skipped":0,"pct":100},"statements":{"total":4,"covered":0,"skipped":0,"pct":0},"branches":{"total":0,"covered":0,"skipped":0,"pct":100}}
,"/Users/haewonkim/home/development/sysgrid/frontend/src/components/shared/OperationalWorkspaceHooks.ts": {"lines":{"total":57,"covered":0,"skipped":0,"pct":0},"functions":{"total":15,"covered":0,"skipped":0,"pct":0},"statements":{"total":64,"covered":0,"skipped":0,"pct":0},"branches":{"total":46,"covered":0,"skipped":0,"pct":0}}
,"/Users/haewonkim/home/development/sysgrid/frontend/src/components/shared/OperationalWorkspacePrimitives.tsx": {"lines":{"total":149,"covered":0,"skipped":0,"pct":0},"functions":{"total":62,"covered":0,"skipped":0,"pct":0},"statements":{"total":176,"covered":0,"skipped":0,"pct":0},"branches":{"total":194,"covered":0,"skipped":0,"pct":0}}
,"/Users/haewonkim/home/development/sysgrid/frontend/src/components/shared/StatusPill.tsx": {"lines":{"total":4,"covered":0,"skipped":0,"pct":0},"functions":{"total":1,"covered":0,"skipped":0,"pct":0},"statements":{"total":4,"covered":0,"skipped":0,"pct":0},"branches":{"total":9,"covered":0,"skipped":0,"pct":0}}
,"/Users/haewonkim/home/development/sysgrid/frontend/src/components/shared/StyledSelect.tsx": {"lines":{"total":3,"covered":0,"skipped":0,"pct":0},"functions":{"total":2,"covered":0,"skipped":0,"pct":0},"statements":{"total":3,"covered":0,"skipped":0,"pct":0},"branches":{"total":17,"covered":0,"skipped":0,"pct":0}}
,"/Users/haewonkim/home/development/sysgrid/frontend/src/components/shared/TenantSelector.tsx": {"lines":{"total":43,"covered":0,"skipped":0,"pct":0},"functions":{"total":16,"covered":0,"skipped":0,"pct":0},"statements":{"total":48,"covered":0,"skipped":0,"pct":0},"branches":{"total":47,"covered":0,"skipped":0,"pct":0}}
,"/Users/haewonkim/home/development/sysgrid/frontend/src/components/shared/WorkspaceCommandBar.tsx": {"lines":{"total":2,"covered":0,"skipped":0,"pct":0},"functions":{"total":2,"covered":0,"skipped":0,"pct":0},"statements":{"total":2,"covered":0,"skipped":0,"pct":0},"branches":{"total":4,"covered":0,"skipped":0,"pct":0}}
,"/Users/haewonkim/home/development/sysgrid/frontend/src/components/shared/WorkspaceFlyout.tsx": {"lines":{"total":3,"covered":0,"skipped":0,"pct":0},"functions":{"total":3,"covered":0,"skipped":0,"pct":0},"statements":{"total":3,"covered":0,"skipped":0,"pct":0},"branches":{"total":4,"covered":0,"skipped":0,"pct":0}}
,"/Users/haewonkim/home/development/sysgrid/frontend/src/components/shared/WorkspaceModal.tsx": {"lines":{"total":3,"covered":0,"skipped":0,"pct":0},"functions":{"total":1,"covered":0,"skipped":0,"pct":0},"statements":{"total":4,"covered":0,"skipped":0,"pct":0},"branches":{"total":24,"covered":0,"skipped":0,"pct":0}}
,"/Users/haewonkim/home/development/sysgrid/frontend/src/components/shared/WorkspaceModalShells.tsx": {"lines":{"total":3,"covered":0,"skipped":0,"pct":0},"functions":{"total":3,"covered":0,"skipped":0,"pct":0},"statements":{"total":3,"covered":0,"skipped":0,"pct":0},"branches":{"total":17,"covered":0,"skipped":0,"pct":0}}
,"/Users/haewonkim/home/development/sysgrid/frontend/src/components/shared/WorkspaceShareHeader.tsx": {"lines":{"total":6,"covered":0,"skipped":0,"pct":0},"functions":{"total":2,"covered":0,"skipped":0,"pct":0},"statements":{"total":6,"covered":0,"skipped":0,"pct":0},"branches":{"total":0,"covered":0,"skipped":0,"pct":100}}
,"/Users/haewonkim/home/development/sysgrid/frontend/src/components/shared/WorkspaceToast.tsx": {"lines":{"total":25,"covered":0,"skipped":0,"pct":0},"functions":{"total":9,"covered":0,"skipped":0,"pct":0},"statements":{"total":27,"covered":0,"skipped":0,"pct":0},"branches":{"total":33,"covered":0,"skipped":0,"pct":0}}
,"/Users/haewonkim/home/development/sysgrid/frontend/src/stores/errorStore.ts": {"lines":{"total":56,"covered":56,"skipped":0,"pct":100},"functions":{"total":29,"covered":29,"skipped":0,"pct":100},"statements":{"total":63,"covered":63,"skipped":0,"pct":100},"branches":{"total":6,"covered":6,"skipped":0,"pct":100}}
,"/Users/haewonkim/home/development/sysgrid/frontend/src/utils/dataParsers.ts": {"lines":{"total":3,"covered":3,"skipped":0,"pct":100},"functions":{"total":2,"covered":2,"skipped":0,"pct":100},"statements":{"total":3,"covered":3,"skipped":0,"pct":100},"branches":{"total":2,"covered":2,"skipped":0,"pct":100}}
,"/Users/haewonkim/home/development/sysgrid/frontend/src/utils/dateUtils.ts": {"lines":{"total":22,"covered":22,"skipped":0,"pct":100},"functions":{"total":4,"covered":4,"skipped":0,"pct":100},"statements":{"total":25,"covered":25,"skipped":0,"pct":100},"branches":{"total":17,"covered":16,"skipped":0,"pct":94.11}}
,"/Users/haewonkim/home/development/sysgrid/frontend/src/utils/monitoring.ts": {"lines":{"total":22,"covered":22,"skipped":0,"pct":100},"functions":{"total":5,"covered":5,"skipped":0,"pct":100},"statements":{"total":25,"covered":25,"skipped":0,"pct":100},"branches":{"total":20,"covered":20,"skipped":0,"pct":100}}
,"/Users/haewonkim/home/development/sysgrid/frontend/src/utils/monitoringValidation.ts": {"lines":{"total":22,"covered":22,"skipped":0,"pct":100},"functions":{"total":6,"covered":6,"skipped":0,"pct":100},"statements":{"total":28,"covered":28,"skipped":0,"pct":100},"branches":{"total":26,"covered":25,"skipped":0,"pct":96.15}}
,"/Users/haewonkim/home/development/sysgrid/frontend/src/utils/payloadGenerator.ts": {"lines":{"total":9,"covered":9,"skipped":0,"pct":100},"functions":{"total":2,"covered":2,"skipped":0,"pct":100},"statements":{"total":9,"covered":9,"skipped":0,"pct":100},"branches":{"total":0,"covered":0,"skipped":0,"pct":100}}
}
