{"total": {"lines":{"total":267,"covered":267,"skipped":0,"pct":100},"statements":{"total":307,"covered":304,"skipped":0,"pct":99.02},"functions":{"total":94,"covered":94,"skipped":0,"pct":100},"branches":{"total":213,"covered":196,"skipped":0,"pct":92.01},"branchesTrue":{"total":0,"covered":0,"skipped":0,"pct":100}}
,"/Users/haewonkim/home/development/sysgrid/frontend/src/api/apiClient.ts": {"lines":{"total":76,"covered":76,"skipped":0,"pct":100},"functions":{"total":23,"covered":23,"skipped":0,"pct":100},"statements":{"total":89,"covered":87,"skipped":0,"pct":97.75},"branches":{"total":66,"covered":59,"skipped":0,"pct":89.39}}
,"/Users/haewonkim/home/development/sysgrid/frontend/src/components/assets/CopyButton.tsx": {"lines":{"total":11,"covered":11,"skipped":0,"pct":100},"functions":{"total":3,"covered":3,"skipped":0,"pct":100},"statements":{"total":12,"covered":12,"skipped":0,"pct":100},"branches":{"total":6,"covered":6,"skipped":0,"pct":100}}
,"/Users/haewonkim/home/development/sysgrid/frontend/src/components/shared/AppDropdown.tsx": {"lines":{"total":46,"covered":46,"skipped":0,"pct":100},"functions":{"total":20,"covered":20,"skipped":0,"pct":100},"statements":{"total":53,"covered":52,"skipped":0,"pct":98.11},"branches":{"total":70,"covered":62,"skipped":0,"pct":88.57}}
,"/Users/haewonkim/home/development/sysgrid/frontend/src/stores/errorStore.ts": {"lines":{"total":56,"covered":56,"skipped":0,"pct":100},"functions":{"total":29,"covered":29,"skipped":0,"pct":100},"statements":{"total":63,"covered":63,"skipped":0,"pct":100},"branches":{"total":6,"covered":6,"skipped":0,"pct":100}}
,"/Users/haewonkim/home/development/sysgrid/frontend/src/utils/dataParsers.ts": {"lines":{"total":3,"covered":3,"skipped":0,"pct":100},"functions":{"total":2,"covered":2,"skipped":0,"pct":100},"statements":{"total":3,"covered":3,"skipped":0,"pct":100},"branches":{"total":2,"covered":2,"skipped":0,"pct":100}}
,"/Users/haewonkim/home/development/sysgrid/frontend/src/utils/dateUtils.ts": {"lines":{"total":22,"covered":22,"skipped":0,"pct":100},"functions":{"total":4,"covered":4,"skipped":0,"pct":100},"statements":{"total":25,"covered":25,"skipped":0,"pct":100},"branches":{"total":17,"covered":16,"skipped":0,"pct":94.11}}
,"/Users/haewonkim/home/development/sysgrid/frontend/src/utils/monitoring.ts": {"lines":{"total":22,"covered":22,"skipped":0,"pct":100},"functions":{"total":5,"covered":5,"skipped":0,"pct":100},"statements":{"total":25,"covered":25,"skipped":0,"pct":100},"branches":{"total":20,"covered":20,"skipped":0,"pct":100}}
,"/Users/haewonkim/home/development/sysgrid/frontend/src/utils/monitoringValidation.ts": {"lines":{"total":22,"covered":22,"skipped":0,"pct":100},"functions":{"total":6,"covered":6,"skipped":0,"pct":100},"statements":{"total":28,"covered":28,"skipped":0,"pct":100},"branches":{"total":26,"covered":25,"skipped":0,"pct":96.15}}
,"/Users/haewonkim/home/development/sysgrid/frontend/src/utils/payloadGenerator.ts": {"lines":{"total":9,"covered":9,"skipped":0,"pct":100},"functions":{"total":2,"covered":2,"skipped":0,"pct":100},"statements":{"total":9,"covered":9,"skipped":0,"pct":100},"branches":{"total":0,"covered":0,"skipped":0,"pct":100}}
}
